2012/09/08
low bar squat 3*5*50
bench press 3*5*45
deadlift 1*5*70

2012/09/11
low bar squat 3*5*55
press 3*5*17.5

2012/09/15
low bar squat 3*5*60
bench press 3*5*50
deadlift 1*5*80

2012/09/17
low bar squat 3*5*65
press 3*5*30
pull up 3,5
inverse row 3*5
biceps curl 2*5*20

2012/09/19
low bar squat 3*5*70
bench press 3*5*55
deadlift 1*5*90

2012/09/21
low bar squat 3*5*75
press 3*5*32.5
pull up 2
inverse row 3*5

2012/09/24
low bar squat 3*5*80
bench press 3*5*60
deadlift 1*5*100

2012/09/26
low bar squat 3*5*85
press 3*5*35
pull up 4
inverse row 3*5

2012/09/29
low bar squat 3*5*87.5

2012/10/03
low bar squat 3*5*90
bench press 3*65 4*62.5 3*60
deadlift 1*5*105

2012/10/08
low bar squat 3*5*90
press 5,4,3*37.5
pull up 4
inverse row 3*5
biceps curl 3*5*22.5

2012/10/10
low bar squat 3*5*92.5
bench press 4,3,2*62.5
deadlift 1*5*110

2012/10/15
low bar squat 3*5*95
press 3*5*37.5

2012/10/18
low bar squat 3*5*97.5
bench press 3*5*62.5
deadlift 1*5*115

2012/10/23
low bar squat 5*77.5 5*82.5 8*87.5
bench press 5*50 5*52.5 8*55
deadlift 5*10*60
press 10,10,8,5,6*20

2012/10/26
deadlift 5*90 5*95 8*102.5
press 5*30 5*32.5 6*35
low bar squat 5*10*50
bench press 5*10*32.5

2012/10/28
goblet squat 3*5*22.5
back extension 3*10
pull up 6
biceps curl 3*10*20
pendlay row 3*5

2012/10/30
low bar squat 3*82.5 3*87.5 9*92.5
bench press 3*87.5 3*55 9*57.5
deadlift 5*10*60
press 5*10*20

2012/11/04
deadlift 3*95 3*102.5 3*107.5
press 3*32.5 3*35 5*35
goblet squat 3*5*20

2012/11/06
low bar squat 5*77.5 3*87.5 3*97.5
bench press 5*50 3*55 3*62.5

2012/11/11
deadlift 5*90 3*102.5 3*115
press 5*30 3*35 5*37.5

2012/11/13
low bar squat 5*62.5 5*57.5 5*72.5
bench press 5*40 5*42.5 5*45

2012/11/15
deadlift 5*72.5 5*77.5 5*85
press 5*25 5*25 5*27.5
low bar squat 3*10*50
bench press 3*10*32.5

2012/11/17
chin up 1*3 8*1
goblet squat 4*10
back extension 4*10
bench dip 3*7
inverse row 5,4,4
chest supported row 3*10*30
lat pulldown 3*20*30

2012/11/20
low bar squat 5*80 5*85 8*92.5
bench press 5*50 5*55 10*57.5
deadlift 5*10*62.5
press 5*10*20

2012/11/22
deadlift 5*95 5*100 8*107.5
press 5*32.5 5*35 9*35
low bar squat 5*10*50
bench press 5*10*32.5

2012/11/27
low bar squat 3*85 3*92.5 5*97.5
bench press 3*55 3*57.5 8*60

2012/11/29
deadlift 3*95 3*100 8*112.5
press 3*35 3*35 8*37.5
low bar squat 5*10*57.5
bench press 5*10*32.5

2012/12/04
low bar squat 5*85 3*97.5 4*102.5
bench press 5*50 3*57.5 6*65
press 5*10*20

2012/11/29
deadlift 5*95 3*107.5 4*120
press 5*32.5 3*35 6*40
low bar squat 5*10*57.5
bench press 5*10*32.5

2012/12/05
low bar squat 5*67.5 5*72.5 5*80
bench press 5*42.5 5*45 5*50
press 3*10*20

2012/12/17
deadlift 5*77.5 5*85.0 5*90.0
press 5*27.5 5*30.0 5*32.5
low bar squat 3*10*57.5
bench press 3*10*32.5

2012/12/20
low bar squat 5*85 5*90 8*95
bench press 5*50 5*52.5 8*60
press 10,10,8,5,5*22.5

2012/12/22
deadlift 5*97.5 5*105.0 8*110.0
press 5*35 5*35 8*37.5

2012/12/27
low bar squat 3*90 3*95 3*102.5
bench press 3*55 3*60 6*62.5
press 5*10*22.5

2013/01/11
low bar squat 5*85 5*90 5*95
bench press 5*50 5*52.5 5*60
press 10,10,10,8,5*22.5

2013/01/14
deadlift 5*97.5 5*105.0 5*110.0
press 5*35 5*35 7*37.5

2013/01/19
low bar squat 3*90 3*95 3*102.5
bench press 3*55 3*60 5*62.5

2013/01/22
deadlift 3*105 3*110 3*117.5
press 3*35 3*37.5 7*40
bench press 3*10*32.5

2013/01/25
low bar squat 5*95 3*95 3*107.5
bench press 5*52.5 3*60 5*67.5
press 3*10*22.5

2013/01/29
deadlift 5*97.5 3*110 3*122.5
press 5*35 3*37.5 4*42.5
low bar squat 5*10*52.5
bench press 5*10*35

2013/03/07
low bar squat 5*50,70,80,90 2*3*95
bench press 5*20,30,40,50,60,62.5 4,2*65
romanian deadlift 3*10*40

2013/03/15
deadlift 5*50,70,80,90,100 4*110
press 5*20,30,35,37.5 4,2*40

2013/03/17
low bar squat 5*40,40,60,70,80,95
bench press 5*30,40,50,60 3*65

2013/03/20
deadlift 5*50,70,90,100,110,115 4*120
press 5*30,35 4,3*40

2013/03/22
low bar squat 5*40,60,80,90,95,100
bench press 5*30,40,50,60,65 3*65
romanian deadlift 10*40,45,45

2013/04/01
deadlift 5*40,60,80,100,120,130
press 5*20,30,40,45
bench press 5*10*40

2013/08/17
low bar squat 5*40,60 3*80 5*105,110 4*115
bench press 5*30,40 3*50 2*60 5*70,70 2*70
romanian deadlift 10*60,65,65
facepulls 2*10*45
biceps curl 9*25 10*20 6*20

2013/08/21
semi-sumo deadlift 5*40,60,80,110,125
press 5*30 2*40 3*5*45

2013/08/23
low bar squat 3*5*90
bench press 3*5*60

2013/08/26
low bar squat 3*5*92.5
press 3*5*35
chin up 4,3,3
facepulls 2*10*35

2013/08/28
low bar squat 2*5*75
bench press 3*5*62.5
deadlift 1*5*100
facepull 2*10*35

2013/08/30
low bar squat 3*5*95
press 3*5*37.5
chin up 4,3,3
biceps curl 10*20+3,3,3,3,3,2

2013/09/02
low bar squat 3*5*97.5
bench press 3*5*65
chin up 4,3,1
facepulls 2*10*30

2013/09/03
low bar squat 2*5*77.5
press 3*5*40
deadlift 1*5*110
biceps curl 20

2013/09/04
low bar squat 2*5*77.5
press 3*5*40
deadlift 1*5*110
biceps curl 20*10+3,3,3,3,3,3,0

2013/09/06
low bar squat 3*5*100
bench press 3*5*67.5
facepulls 2*10*25

2013/09/09
low bar squat 3*5*102.5
press 3*5*42.5
chin up 4,3,2

2013/09/11
low bar squat 2*5*80
bench press 3*5*70
semi-sumo deadlift 1*5*120

2013/09/13
low bar squat 3*5*105
press 3*5*45
chin up 4,3,2
biceps curl 10*22.5+3,3,3,3,3,3,0

2013/09/18
low bar squat 3*5*107.5
bench press 4,3,2*72.5
deadlift 1*5*130

2013/09/20
low bar squat 2*5*87.5
press 5,5,4*47.5
chin up 4,3,3
biceps curl 25*8+3,3,2

2013/09/22
low bar squat 3*5*110
bench press 4,3,3*72.5
chin up 3,3,2,1,1,1

2013/09/24
low bar squat 2*5*87.5
press 3*5*47.5
deadlift 1*5*140

2013/09/27
low bar squat 3*5*112.5
bench press 5,3,3*72.5
chin up 4,3,2,1,1,1

2013/09/30
low bar squat 3*5*115
press 4,3,3*50
chin up 4,3,3,1

2013/10/02
low bar squat 2*5*90
deadlift 1*5*145

2013/10/04
low bar squat 3*5*117.5

2013/10/07
low bar squat 3*5*120
bench press 3*5*65
chin up 3,3,3,2,2

2013/10/09
press 3,3,2*50
chin up 3,3,3,3
face pulls 2*10*25

2013/10/11
low bar squat 2*5*90
bench press 3*5*67.5
facepulls 10*25 10*30

2013/10/14
press 4,3,3*50
romanian deadlift 2*10*40
close grip bench press 3*10*20 5*30,40,50
pull up 2,2,1

2013/10/16
bench press 3*5*70
pull up 2,2,2
facepulls 2*10*30

2013/10/19
press 4,1,3,2*50
pull up 3,2,2
biceps curl 10*20+3,3,3,3,3,1
facepulls 2*10*30

2013/10/21
bench press 6*6*57.5
pull up 2,2,2
facepulls 2*10*30

2013/10/23
bench press 7*5*62.5
facepulls 10*30,40

2013/10/25
bench press 8*4*65
chest supported row 10*30,40,40
facepulls 10*30,40
biceps curl 22,5*10+3,3,3,3,3,3,3,3,3,3,3,2

2013/10/26
bench press 10*3*70
semi-sumo deadlift 5*40,60,80,100,110
facepulls 10*35,40

2013/10/29
bench press 6*6*60
pull up 3,2,2
facepulls 10*35,45
goblet squat 5*16,24,32,32,32
biceps curl 25*10+3,2

2013/10/31
bench press 7*5*65
pendlay row 10*30,40,50,50
facepulls 10*35,45
high bar squat 5*20,20,40,40,60

2013/11/02
bench press 8*4*67.5
high bar squat 5*40,60,70,80
facepulls 10*40,45
biceps curl 10*25+3,3,3,3,2

2013/11/03
bench press 10*3*70
facepulls 10*40,50
pendlay row 10*30,50,50,50
press 5*5*20

2013/11/05
bench press 6*6*62.5
facepulls 5*45,50
semi-sumo deadlift 5*70 3*100 5*120
biceps curl 10*27.5+3,2

2013/11/07
bench press 7*5*65
facepulls 10*45,55

2013/11/09
bench press 8*4*70
facepulls 10*50,55

2013/11/11
bench press 10*3*75
facepull 10*50,60

2013/11/12
semi-sumo deadlift 5*130
pull up 3,1,1,1
biceps curl 8*27.5+2

2013/11/15
high bar squat 5,2*90

2013/11/18
bench press 3*80

2013/11/21
low bar squat (hb) 3*5*85
bench press 3*5*70

2013/11/22
low bar squat 3*5*90
press 3*5*45
biceps curl 10*27.5+3,3,2

2013/11/26
low bar squat 3*5*95
bench press 3*5*72.5
deadlift 1*3*140
biceps curl 10*27.5+3,3,2

2013/11/28
low bar squat 3*5*100
press 5,5,4*47.5

2013/11/30
low bar squat 3*5*105
bench press 3*5*75
chest supported row 3*5*60
biceps curl 10*27.+3,3,3,2

2013/12/03
high bar squat 4,3,2*107.5
press 3,2,2*50
chin up 3,3,3,3
face pulls 2*10*50

2013/12/05
low bar squat 2*5*85
bench press 3,4,3*77.5
deadlift 3*140
biceps curl 10*27.5+3,3,3,3,2

2013/12/07
low bar squat 3*5*107.5
press 5,3,2*50
chin up 3,3,3

2013/12/13
high bar squat 5,4,3*110
bench press 5,4,3*77.5
biceps curl 8*30+3,1

2013/12/18
semi-sumo deadlift 5*40,60,80,100 3*120,130 4*140
press 5,4,3*50
biceps curl 30*10+3,1

2014/01/03
low bar squat 5*40,60,65,70,75,80,85,90
press 5*20,30,35,40,42.5 3*45
biceps curl 10*25+3,3,3,2

2014/01/17
semi-sumo deadlift 5*60,70,80,90,100,110,120
bench press 5*40,45,50,55,60,65,70
biceps curl 10*23+3,3,2
facepulls 2*8*30
pendlay row 10*35,45,55

2014/01/18
high bar squat 5*40,60,65,70,75,80,85,90,95
press 5*30,35,37.5,40 2*42.5

2014/01/20
semi-sumo deadlift 5*60,70,80,90,100,110,120,125,130
bench press 5*40,45,50,55,60,65,70,75
chin up 3,2,2,2,1

2014/01/22
low bar squat 5*65,70,75,80,85,90,95,100
press 5*30,32.5,35,37.5,40,42.5 4*45

2014/01/24
deadlift 5*60,80,90,100,110,120,130,135
bench press 5*40,45,50,55,60,65 4*70
biceps curl 10*23+3,3,1

2014/01/27
low bar squat 5*40,50,60,70,80,90,100,105
press 5*30,32.5,35,37.5,40,42.5,45 3*47.5
kroc row 2*10*22

2014/01/30
deadlift 5*60,80,90,100,110,120,130 1*140
bench press 5*40,45,50,55,60,65,70,75
biceps curl 10*26+3,1

2014/01/31
low bar squat 5*60,70,80,90,95
press 5*30,35,40,42.5 3*45

2014/02/05
low bar squat 5*60,70,80,90,100,110
bench press 5*30,40,50,55,60,65 4*70

2014/02/06
deadlift 5*60,80,90,100,110,120,130,140
press 4,3,4*45
biceps curl 10*28.5+2

2014/02/08
low bar squat 5*60,70,80,90,100,112.5
bench press 7,5,6*70

2014/02/12
low bar squat 5*60,70,80,90,100 3*110
bench press 7,4,4,4,4*72.5

2014/02/14
deadlift 5*60,80,90,100,110,120,130,145
press 7,5,5,3,4*45

2014/02/15
low bar squat 5*60,70,80,90,100 4*110
bench press 6,3,3,3,2*75

2014/02/19
low bar squat 5*60,80,90,100
press 5,4,4,3,3*47.5

2014/02/21
bench press 4,5,3,2,2*77.5

2014/02/22
low bar squat 5*60,80,90,100,110
press 4,2,3,2,2*50

2014/02/25
low bar squat 5*60,70,80
bench press 4,2,2,2,2*80
chin up 3,3,2,2

2014/02/27
deadlift 5*60,80,90,100,110,120 3*130
press 10,7,6,6,6*40

2014/03/01
low bar squat 5*60,80,90,100,110
bench press 10,8,7,6,4*65

2014/03/03
low bar squat 5*60,80,90,100,110,115
press 8,6,4,4,4*42.5
facepulls 10*20,30,30

2014/03/06
sumo deadlift 5*60,80,90,100,110,120,130,140,150
bench press 8,7,6,4,4*67.5

2014/03/08
low bar squat 5*60,80,90,100,110
press 7,6,5,4,4*45

2014/03/11
low bar squat 5*60,70,80,90,100,110,120
bench press 8,6,5,5,4*70
facepulls 2*10*30
chest supported row 3*8*50

2014/03/13
deadlift 5*60,80,100,110,120,130,140 2*152.5
press 7,5,4,4,3*47.5
biceps curl 10*23+3,3,3,1

2014/03/15
low bar squat 5*110
bench press 7,5,4,4,3*72.5

2014/03/18
low bar squat 5*60,80,90,100,110 4*122.5
bench press 7,5,3*75

2014/03/21
deadlift 5*60,80,90,100,110,120,130 4*140
press 5,5,3,3,3*50

2014/03/23
low bar squat 5*60,80,90,100,110,122.5
bench press 5,5,3,3,2*77.5
facepulls 10*25,30,35
biceps curl 23*10+3,3,3,3,1

2014/03/31
low bar squat 5*60,80,90,100 4*110
bench press 4,2,2,2,2*80
facepulls 10*30,40,40
biceps curl 10*24,3+3,3,3,3,3,3,2
chest supported row 10*55+3,3,3,3,2

2014/04/03
deadlift 5*60,80,100,110,120,130,140 3*112.5
press 4,4,3,3,2*52.5
back extension 10*0,12,12

2014/04/04
low bar squat 5*60,80,90,100,110 3*120
bench press 3*80 6,5,4,4*70
biceps curl 10*26.3+3,3,2

2014/04/07
low bar squat 5*60,80,90,100,110,125
bench press 4,3,3,2,2*80
pull up 5*1
hang clean 0*0
facepulls 10*30,40,50,55

2014/04/10
deadlift 5*60,80,100,110,120,130,140
press 9,6,6,5*42.5

2014/04/12
low bar squat 5*60,80,90,100
bench press 10,8,6,6,6*67.5

2014/04/15
bench press 11,8,7,6,5*70
chin up 5*2
facepulls 10*30,40,50
biceps curl 10*28.3+31

2014/04/18
press 8,6,5,4*45
laying triceps extension 3*10*10
deadlift 5*60,80,100

2014/04/21
low bar squat 5*60,80,90 4*3*100
bench press 9,7,5,5,5*72.5
chin up 5*2
biceps curl 10*28.3+3,1

2014/04/24
low bar squat 5*60,80,90 2*100 4*3*105
bench press 7,5,5*75

2014/04/25
deadlift 5*110,120,130
press 6,5,3,3,3*47.5
facepulls 10*30,40,55
laying triceps extension 3*10*15

2014/04/27
low bar squat 4*4*110
bench press 6,4,4,4,3*77.5
chin up 3,2,2,2,1
facepulls 3*10*30

2014/04/30
low bar squat 3,3*115 3*110
bench press 5,3*80

2014/05/02
deadlift 5*140
press 4,4,2*50

2014/05/13
low bar squat 5*60,80,90,100,110
bench press 7,6,5*70

2014/05/15
deadlift 5*130
press 7,5,4*45

2014/06/08
deadlift 5*120
bench press 2*5*70

2014/06/22
low bar squat 5*60,70,80,90,100
bench press 5,5,5*70
deadlift 5*120
press 5,4,3*40
chest supported row 10,10,10*30
facepulls 2*10*25
biceps curl 10,10,6*20

2014/07/17
low bar squat 3*5*80
bench press 3*5*60
deadlift 1*5*100
biceps curl 3*10*20
facepulls 2*10*20
pendlay row 10*30,40

2014/07/21
low bar squat 3*5*85
press 3*5*40
chest supported row 3*8*50
biceps curl 3*10*22.5

2014/07/23
low bar squat 3*5*90
bench press 3*5*65
deadlift 5*110
facepulls 2*8*30
biceps curl 3*10*25

2014/07/28
low bar squat 3*5*95
press 3*5*42.5
chest supported row 3*10*60
biceps curl 10,10,8*60

2014/07/30
low bar squat 3*5*100
bench press 3*5*67.5
deadlift 1*5*120

2014/08/01
low bar squat 3*5*102.5
press 3*5*47.5
chest supported row 3*8*70
biceps curl 10,7,7*27.5

2014/08/05
low bar squat 3*5*105
bench press 3*5*70
deadlift 5*130
biceps curl 10*27.5+3,3,3,3,3,2

2014/08/06
low bar squat 3*5*107.5
press 3*5*47.5
chest supported row 3*5*75
biceps curl 10*30+3,3,2

2014/08/08
low bar squat 3*5*110
bench press 3*5*72.5
deadlift 5*135

2014/08/11
low bar squat 3*5*112.5
press 5,5,3*50
chest supported row 3*8*75

2014/08/13
bench press 3*5*75
deadlift 1*5*140
biceps curl 10*30+3,3,2
facepulls 2*8*30

2014/08/18
low bar squat 3*5*115
press 3*5*50
chin up 3,2,2,2,1
facepulls 2*8*35

2014/08/20
bench press 3*5*77.5
deadlift 1*45
biceps curl 10*30+3,3,3,2
facepulls 2*8*40

2014/08/22
low bar squat 3*5*117.5
press 3*5*51
chin up 3,3,2,2

2014/08/25
bench press 3,5,4*80
chin up 4,3,3
low bar squat 4*2*110

2014/08/28
deadlift 5*150
press 3*5*52.5
biceps curl 8*32.5+2,2,2,2,2,1

2014/08/31
low bar squat 3*5*120
bench press 3*5*80
chin up 4,3,1

2014/09/02
low bar squat 3*5*122.5
press 4,3,3*53.5
pull up 4,1
facepulls 2*8*40

2014/09/03
bench press 3*5*81
deadlift 5*155

2014/09/08
low bar squat 3*5*125
press 4,4,3*53.5

2014/09/10
bench press 5,5,4*82.5
deadlift 5*160

2014/09/12
low bar squat 3*5*127.5
press 3*5*53.5

2014/09/16
bench press 6*6*67.5
chin up 3,3,3,3
facepulls 3*5*45

2014/09/18
bench press 7*5*72.5
facepulls 3*8*35

2014/09/21
bench press 10*3*80
facepulls 3*8*55

2014/09/23
bench press 6*6*70

2014/10/07
bench press 10*3*85
facepull 3*8*60

2014/10/21
low bar squat 5*40,60,80,100
bench press 5*40,50,60,70,75,80

2014/10/23
press 5*30,35,40,45,50,55,50 4*50
chin up 3*5

2016/07/17
low bar squat 3*5*70
bench press 3*5*45
deadlift 5*80
biceps curl 5*8

2016/07/19
low bar squat 3*5*75
press 3*5*35
chest supported row 3*5*60
biceps curl 3*8*22.5

2016/07/21
low bar squat 3*5*77.5
bench press 3*5*50
deadlift 5*90
biceps curl 4*8*22.5

2016/07/24
low bar squat 5*80
press 3*5*37.5
chin up 5*1

2016/07/26
low bar squat 3*5*80
bench press 3*5*55
deadlift 5*100
biceps curl 3*8*25

2016/07/28
low bar squat 3*5*78.5
press 3*5*36
powerclean 3*3*50
chin up 6*1

2016/07/31
low bar squat 3*5*80
bench press 3*5*60
deadlift 3*5*110
biceps curl 3*8*27.5

2016/08/02
low bar squat 3*5*87.5
press 3*5*42.5
biceps curl 8,8,8*30

2016/08/04
low bar squat 3*5*86
bench press 3*5*62.5
deadlift 5*116
chin up 7*1

2016/08/06
low bar squat 5,5,2*92.5
press 3*5*45
chin up 3,2,1,1,1

2016/08/10
low bar squat 5,5*92.5 5*90
bench press 5,5,5*65
chin up 3,2,2,1,1

2016/08/12
low bar squat 3*5*91
press 3*5*41
deadlift 5*121

2016/09/01
low bar squat 3*5*86
press 3*5*36
deadlift 5*116

2016/09/03
low bar squat 3*5*88.5
bench press 3*5*62.5
powerclean 4*3*46
biceps curl 3*8*30

2017/01/04
low bar squat 3*5*81
press 3*5*31
powerclean 4*3*36
biceps curl 8,8,5*26

2019/03/18
low bar squat 3*5*40
press 3*5*30
deadlift 1*5*70

2019/03/21
low bar squat 3*5*50
bench press 3*5*40
pendlay row 3*5*50
lat pulldown 2*10*35

2019/03/25
low bar squat 3*5*60
press 3*5*35
deadlift 1*5*80

2019/04/15
low bar squat 3*5*50
bench press 3*5*40
pendlay row 3*5+50
lat pulldown 3*8+47

2019/04/23
low bar squat 3*5*55
bench press 3*5*45
deadlift 5*90

2019/05/03
low bar squat 3*5*50
press 3*5*37.5
pull up 3*1

2019/05/07
low bar squat 3*5*62.5
bench press 3*5*50
chin up 2,2,2

2019/05/13
low bar squat 3*5*65
press 5,5,4*40
deadlift 5*100
biceps curl 10*20+4,4,4,1

2019/05/16
low bar squat 3*5*67.5
bench press 3*5*52.5
chin up 3,2

2019/05/20
low bar squat 3*5*70
press 3*5*40
deadlift 5*105
biceps curl 10*20+3,3,3,3,3,2

2019/05/30
leg press 3*5*100
bench press 3*5*55
seated press 5,3,3*30
dummbell row 2*8*22.5
biceps curl 20*10+3,3,1

2019/06/01
good morning 4*10*10
leg press 4*10*40
hammer pu 2,1,1,1
biceps curl 10*20+3,3,3,3,3,1
press 10*10+3,3,3,3,2
lat pulldown 10*30+3,3,3,3,3,3,3,3,3,3

2019/06/20
low bar squat 3*5*60
press 5,5,4*42.5
stiff legged deadlift 5*90
biceps curl 20*10+3,3,3,3,3,3,3,3,2
facepull 2*10*15

2019/07/27
low bar squat 3*5*95
press 3*5*47.5
deadlift 5*125
biceps curl 10*27.5+3,3,2

2019/07/29
low bar squat 3*5*97
bench press 3*5*70
powerclean 5*3*45

2019/08/03
low bar squat 3*5*100
press 4,3,3*50
deadlift 5*130
bench press 10*27.5+3,3,3,1
facepull 2*10*20

2019/08/05
low bar squat 3*5*102.5
powerclean 5*3*50
press 3*5*40

2019/08/08
low bar squat 3*5*105
bench press 3*5*72.5
deadlift 3*135

2019/08/12
low bar squat 3*5*107.5
press 4,4,4*50
powerclean 5*3*40

2019/08/15
low bar squat 3*5*110
bench press 3*5*75
pull up 5,4,3

2019/08/20
low bar squat 3*5*112.5
press 3,5,5*50
powerclean 5*3*45
facepull 2*8*25

2019/08/29
low bar squat 3,3,2*115
bench press 3*5*77.5
powerclean 5*3*50

2019/09/09
low bar squat 3*5*100
press 5,5,4*50
powerclean 5*3*50
pull up 6,3,1

2019/09/13
low bar squat 3*5*105
bench press 5,3*80
deadlift 5*135
biceps curl 8*30+3,3,1

2019/09/17
low bar squat 3*5*107.5
press 3*5*50
powerclean 4*3*55

2019/09/23
low bar squat 3*5*110
bench press 3*5*80
powerclean 5*3*60

2019/09/26
low bar squat 3*5*112.5
press 5,4,3*52.5
pull up 7,4,2

2019/10/01
low bar squat 3*5*115
bench press 5,4,2*82.5
powerclean 5*3*62.5

2019/10/07
low bar squat 3*5*117.5
press 3*3*52.5
deadlift 5*140

2019/10/12
low bar squat 3*5*120
bench press 5,3,4*82.5
powerclean 5*3*65

2019/10/15
low bar squat 5,5,1*122.5
press 3,3,2*52.5
pull up  6,5,4

2019/10/17
low bar squat 3*5*100

2019/11/07
low bar squat 3*5*100
press 3*5*45
powerclean 5*3*55

2022/08/03
low bar squat 2*5*40
press 2*5*30
deadlift 5*50

2022/08/08
low bar squat 3*5*45
bench press 3*5*35
deadlift 5*60

2022/08/11
low bar squat 3*5*50
press 5,5,3*35
deadlift 5*70
biceps curl 8*20+3+3+3+2

2022/08/16
low bar squat 3*5*55
bench press 3*5*40
deadlift 5*80
biceps curl 10*20+3,3,3,1

2022/08/19
low bar squat 3*5*60
press 3*5*35
powerclean 3*3*40
biceps curl 12*20+3,3,3,2

2022/08/24
low bar squat 3*5*65
bench press 3*5*45
deadlift 5*90
facepull 10*10+3,3,3,3,3
biceps curl 14*20+3,3,2

2022/08/28
low bar squat 3*5*70
press 3*5*37.5
powerclean 5*3*45

2022/08/30
low bar squat 3*5*75
bench press 3*5*50
deadlift 5*100
facepull 5*25+3,3,3,3,3
biceps curl 8*25+3,3,1

2022/09/04
low bar squat 3*5*80
press 3*5*40
powerclean 5*3*50
biceps curl 10*25+3,1

2022/09/09
low bar squat 3*5*85
bench press 3*5*55
deadlift 5*110
biceps curl 10*25+3,3,1
facepull 2*10*15

2022/10/06
low bar squat 3*5*75
bench press 3*5*50
deadlift 5*100

2022/10/10
low bar squat 3*5*80
press 3*5*40
powerclean 5*3*50

2022/10/16
low bar squat 3*5*85
bench press 3*5*55
deadlift 5*100
chin up 2,2,2,1,1

2022/10/20
low bar squat 3*5*90
press 5,4,3*42.5
powerclean 5*3*55
dip neg 3,3,3

2022/10/24
low bar squat 3*5*92.5
bench press 3*5*60
deadlift 5*115
chin up 3,2,1

2022/10/31
low bar squat 5*65,75 10*85 5*5*65
bench press 5*45.5,47.5 10*55 5*10*30
chin up 2,1,1,1

2023/11/03
deadlift 5*80 5*92.5 9*105 3*5*80
press 5*30 5*35 6*40 10,6,7,5*22.5
biceps curl 10*20+3,3,3,2
facepull 5*15 2*10*19

2022/11/06
low bar squat 3*70 3*80 11*87.5 5*5*70
bench press 3*45 3*52.5 10*57.5 5*10*30
powerclean 5*3*60

2022/11/09
deadlift 3*85 3*97.5 10*110 3*5*85
press 3*32.5 3*37.5 7*42.5 10,10,9,8,9*22.5
biceps curl 8*25+3,2
kroc row 3*10*16
laying triceps extension 2*10*0

2022/11/14
low bar squat 5*75 3*85 10*92.5 5*5*75
bench press 5*47.5 3*55 9*60 5*10*30
powerclean 5*3*62.5
dip neg 3*5
back extension 3*10

2022/11/18
deadlift 5*92.5 3*105 10*115 3*5*115
press 5*35 3*40 6*42.5 5*10*22.5
chin up 3,2,1,1,1
facepull 3*8*18
biceps curl 10*20+3,3,2

2022/11/23
low bar squat 5*67.5 5*77.5 10*87.5 5*5*67.5
bench press 5*45 5*50 12*57.5
powerclean 5*3*65

2022/11/28
deadlift 5*82.5 5*95 13*107.5 3*5*82.5
press 5*32.5 5*37.5 9*40 3*10,9,10,10*22.5
back extension 3*10
leg raise 2*10
single hand row 2*12*16
facepull 2*8*21.25
biceps curl 8*25+3,2

2022/12/04
low bar squat 3*72.5 3*82.5 11*92.5 5*5*72.5
bench press 3*47.5 3*52.5 12*60 5*10*32.5
chin up 4*2
dip 4*2
back extension 4*8
biceps curl 8*30+1
laying triceps extension 2*8*10

2022/12/07
deadlift 3*90 3*102.5 7*115 3*5*90
press 3*35 3*40 8*42.5 5*10*22.5

2022/12/17
low bar squat 5*77.5 3*87.5 7*97.5 5*5*77.5
bench press 5*50 3*57.5 11*62.5 5*10*32.5
chin up 3,2,2
back extension 3*10
dip 3*3

2022/12/23
deadlift 5*95 3*107.5 7*120 3*5*95
press 5*37.5 3*40 8*45 5*10*22.5
chin up 3,3,2,2
back extension 4*10*8
dip 4*3
leg raise 4*5
biceps curl 30*8*3
facepull 2*10*18

2022/12/27
low bar squat 5*70 5*82.5 13*92.5 5*5*70
bench press 5*45 5*52.5 13*57.5 close grip bench press 5*10*32.5
chin up 3*3
leg raise 4*6
dip 4*4
back extension 4*10*10

2023/01/02
deadlift 5*85 5*97.5 13*112.5 3*5*85
press 5*32.5 5*37.5 8*42.5 10,7,8,8,8,6,3*25
chin up 4,2,2
dip 4,4,3

2023/01/05
low bar squat 3*77.5 3*87.5 8*97.5 3*5*87.5
bench press 3*47.5 3*55 14*62.5
close grip bench press 5*10*32.5

2023/01/09
deadlift 3*92.5 3*105 5*117.5 3*5*92.5
press 3*35 3*40 5*45 10,10,10,9,9,2*25
chin up 4,3,2,2
pull up 5,5,5,5
leg raise 6,6,6,6

2023/01/14
low bar squat 5*82.5 3*92.5 10*102.5 5*5*82.5
bench press 5*52.5 3*57.5 10*65
close grip bench press 5*10*32.5
pull up 4,2,2,1

2023/01/16
deadlift 5*97.5 3*112.5 5*125
press 5*37.5 3*42.5 5*47.5 10,10,7,7,7*25

2023/01/19
low bar squat 2*90 1*100 4*107.5
bench press 2*50 2*60 6*67.5
chin up 3,3,3,3,3
leg raise 10,10,10
pull up 10,10,10

2023/01/23
low bar squat 5*75 5*85 10*97.5 5*5*75
bench press 5*47.5 5*52.5 14*60 close grip bench press 5*10*35
pull up 4*3*2.5 
back extension 4*10*15
push up 4*8

2023/01/26
deadlift 5*92.5 5*102.5 10*115 3*5*90
press 5*35 5*40 5*45 5*10*25
pull up 3,2,2,2*5
back extension 3*10+15
leg raise 3*10
push up 3*10

2023/01/30
low bar squat 3*80 3*90 11*102.5 5*5*80
bench press 5*50 5*57.5 10*65
close grip bench press 5*10*35
pull up 3,3,2,2*5
leg raise 3*10
push up 3*10
back extension 3*10+15
facepull 2*12*15
biceps curl 10*20+3,3,3,3,3

2022/02/03
deadlift 3*95 3*110 8*122.5 3*5*95
press 3*37.5 3*42.5 6*47.5 5*10*25
pull up 4,3,3

2023/02/05
low bar squat 5*85 5*97.5 5*107.5 5*5*85
bench press 5*52.5 3*60 10*67.5 close grip bench press 5*10*35
chin up 3,2,2,2+5
leg raise 3*10
back extension 3*10+15
push up 3*8

2023/02/08
deadlift 5*102.5 3*115 5*130
press 5*40 3*45 5*50
chin up 5

2023/02/20
low bar squat 3*60 1*80,100,110,117.5
bench press 3*40,50,60,65,72.5
chin up 3,3,3,3*6.25
push up 3*9
back extension 3*8+15

2023/02/23
deadlift 3*60 1*80,100,120 2*130 3*140
press 3*30 1*40,50,55
chin up 5*2*7.5
push up 4*8
back extension 4*8*15
leg raise 4*8

2023/02/27
low bar squat 3*82.5 3*95 6*107.5 5*5*82.5
bench press 3*52.5 3*60 8*67.5 close grip bench press 5*10*37.5
chin up 6,2

2023/03/02
deadlift 3*100 3*112.5 6*127.5 3*5*100
press 3*40 3*45 4*50 3*10,9,10*27.5
plate raise 4*10*10
back extension 4*15
leg raise 4*10
chin up 4*3

2023/03/05
low bar squat 5*77.5 5*90 6*100 5*5*77.5
bench press 5*47.5 5*55 10*62.5 close grip bench press 5*10*37.5
chin up 4,4,3,3
back extension 3*10*20
leg raise 3*10

2023/04/10
low bar squat 5*80,90,102.5 3*5*80
bench press 5*50,57.5,55 close grip bench press 3*10*35
chin up 2,2,2,2

2023/04/13
deadlift 5*95,110,122.5
press 5*37.5,42.5,47.5 3*5*37.5

2023/04/17
low bar squat 5*75,85,97.5 5*5*75
bench press 5*47.5,52.5,60 close grip bench press 5*10*35
chin up 3,3,3,3
back extension 10,10,10
leg raise 10,10,10
facepull 2*10*20
biceps curl 10*20+3,3,2

2023/04/29
deadlift 5*90,102.5,115 3*5*90
press 5*35,40 4*45

2023/05/02
low bar squat 5*85,97.5,107.5
bench press 5*52.5,60,67.5

2023/05/04
deadlift 5*103.5,115,130 3*5*102.5
press 5*40,45 4*50 3*10*27
chin up 3,3,3,3
back extension 15,15,15
leg raise 12,12,12

2023/05/08
low bar squat 5*80,90,102.5 5*5*80
bench press 5*50,57.5,65 close grip bench press 5*10*37.5
leg raise 4*10
back extension 4*12
face pulls 3*15*15

2023/05/23
low bar squat 5*80,90,102.5
bench press 5*50,57.5,65
chin up 4*3
back extension 3*15
leg raise 3*12
biceps curl 10*20+3,3,3,2

2023/05/28
deadlift 5*95,110,122.5
press 5*37.5,42.5,47.5
chin up 4,4,4,4
back extension 3*10+10
leg raise 3*12
biceps curl 10*20+3,3,3,3,2

2023/06/03
low bar squat 5*75,85,97.5 paused low bar squat 3*5*75
bench press 5*47.5,52.5,60 close grip bench press 5*10*35
pendlay row 3*10*40
biceps curl 10*20+3,3,3

2023/06/05
deadlift 5*90,102.5,115
press 5*35,40,45 10,10,8,8*30
chin up 6,3,3

2023/06/19
low bar squat 5*40,60,80
bench press 5*50,57.5,65

2023/07/17
low bar squat 5*60,80,100
pendlay row 5*50,60,70
chin up 4*3

2023/07/19
deadlift 5*60,80,100,120
press 5*30 3*40 5*45
pendlay row 3*10*40
biceps curl 10*20+3,3,3,3,2

2023/07/24
low bar squat 5*75,85,95 paused low bar squat 3*5*75
bench press 5*45,52.5,57.5 close grip bench press 3*5*45
chin up 5*3
leg raise 3*10
back extension 2*15

2023/07/26
deadlift 5*90,103.5,115 3*5*90
press 5*30,35,40 3*5*30
pendlay row 3*10*42.5
plate raise 3*10*10
biceps curl 10*22.5+3,3,2

2023/07/30
low bar squat 5*75,85,97.5 5*5*75
bench press 5*47.5,52.5,57.5 close grip bench press 5*5*47.5
chin up 6*3

2023/08/15
low bar squat 5*75,85,95
bench press 5*45,52.5,57.5
chin up 4,4,4

2023/08/23
deadlift 5*90,102.5,115
press 5*30,35,30 3*5*30
pendlay row 3*10*45
push up 3*10
biceps curl 10*25+3,3,1

2023/08/27
low bar squat 5*70,80,90 paused low bar squat 3*5*70
bench press 5*42.5,47.5,52.5 close grip bench press 3*5*42.5
chin up 4*4
back extension 3*15
leg raise 3*10

2023/08/29
deadlift 5*82.5,95,107.5 3*5*82.5
press 5*27.5,32.5,37.5 5*5*27.5
pendlay row 4*10*50
push up 10,10,9

2023/08/31
low bar squat 5*80,90,100 paused low bar squat 4*5*80
bench press 5*47.5,55,60 close grip bench press 4*5*47.5
chin up 4*4
back extension 3*15
biceps curl 10*25+3,2

2023/09/04
deadlift 5*95,107.5,120 3*5*95
press 5*32.5,37.5,40 4*5*32.5
pendlay row 4*10*55
push up 4*10
biceps curl 10*25+3,3,1

2023/09/20
low bar squat 5*77.5,90,100 paused low bar squat 5*5*77.5
bench press 5*47.5,52.5,60 close grip bench press 5*5*52.5

2023/09/23
deadlift 5*92.5,105,125 3*5*92.5
press 5*32.5,37.5,42.5 5*5*37.5
pendlay row 4*10*60
push up 4*10
back extension 3*15

2023/09/25
low bar squat 5*72.5,85,95
paused low bar squat 5*5*72.5
bench press 5*42.5,50,57.5
close grip bench press 5*5*50
chin up 3,3,3,2,1

2023/09/27
deadlift 5*87.5,100,107.5 3*5*87.5
press 5*30,35,40 5*5*35
pendlay row 4*10*65
back extension 3*15
push up 4*10

2023/10/03
low bar squat 5*85,95,105 5*5*85
bench press 5*50,57.5,62.5 close grip bench press 5*5*57.5
chin up 5*4
back extension 4*15
biceps curl 10*25+3,3,1

2023/10/05
deadlift 5*100,112.5,125 3*5*100
press 5*35,40,42.5 5,5,5,5,4*40
pendlay row 4*10*70

2023/10/09
low bar squat 5*82.5,92.5,105 paused low bar squat 5*5*82.5
bench press 5*47.5,55,62.5 5*5*55
chin up 5,5,5,4,4
back extension 15,15,15,15
biceps curl 10*25+3,1

2023/10/12
deadlift 5*95,110,122.5 3*5*110
press 5*35,40,45 5*5*40
pendlay row 10,10,8,8*72.5
push up 4*10
back extension 4*15
biceps curl 10*25+3,3,1

2023/10/16
low bar squat 5*75,87.5,100 5*5*75
bench press 5*45,52.5,57.5 close grip bench press 5*5*52.5
chin up 5,5,5,5,3
back extension 12,12,12,12

2023/10/20
deadlift 5*90,102.5,115 3*5*90
press 5*33.5,37.5,42.5 5*5*37.5
pendlay row 4*10*72.5
back extension 4*12
push up 4*10
biceps curl 10*25+3,3,1

2023/10/22
low bar squat 5*87.5,100,110 paused low bar squat 5*5*87.5
bench press 5*52.5,57.5,65 close grip bench press 5*5*57.5
chin up 10*3
back extension 3*12
biceps curl 10*25+3,3,2

2023/10/26
deadlift 5*102.5,115,130 3*5*102.5
press 5*37.5,42.5,47.5 5,5,4,4,4,2*42.5
pendlay row 4*10*72.5

2023/10/29
low bar squat 5*85,97.5,110
paused low bar squat 5*5*85
bench press 5*50,57.5,65
close grip bench press 5*5*57.5
chin up 8*3*2.5
back extension 3*12
facepull 3*10*15
biceps curl 10*25+3,3,3,2

2023/11/02
deadlift 5*100,112.5,127.5
press 5*35,40,45 5*5*40
chin up 3*0,1.25,2.5,3.75,5,6.25 1*5 3,3*0
push up 4*10

2023/11/05
low bar squat 5*80,90,102.5
bench press 5*47.5,52.5,60 close grip bench press 5*5*52.5
back extension 4*10
chin up 3,3,3,3,3,3,3,3*3.75

2023/11/09
deadlift 5*85,105,120
press 5*32.5,37.5,42.5 5*5*37.5
pull up 3,3,3,3,3,3,3,3*5
dip 3,3,3,3,3

2023/11/13
low bar squat 5*90,102.5,115 3*5*90
bench press 5*52.5,60,67.5 close grip bench press 5*5*60
chin up 5,5,4,2,2

2023/11/27
low bar squat 5*80 3*90 5*100 1*110 1*120
bench press 5*30,40,50,55 close grip bench press 1*60,70,80
dip 5,5,5,5,5,5
chin up 3,3,3,3,3,3
iso lateral row 3*10*25
biceps curl 10*25+3,2

2023/12/01
deadlift 5*100,115 1*130 1*140
press 5*35,40 1*45,50,55
chin up 4,4,4,4,4
dip 6,6,6,6,5
plate raise 3*10*10

2023/12/04
low bar squat 5*85,97.5,110 paused low bar squat 3*5*85
bench press 5*52.5,60,67.5 close grip bench press 5*5*60
chin up 3,3,3,3,2
dip 5,5,5,4,3
iso lateral row 4*10*25

2023/12/06
deadlift 5*95,110,122.5 3*5*100
press 5*35,40,45 5*5*40
pull up 3,3,3,3,3,3
dip 5,5,5,5,5,5
iso lateral row 4*10*30

2023/12/10
low bar squat 5*75,87.5,100 paused low bar squat 5*5*75
bench press 5*45,52.5,57.5 close grip bench press 5*5*52.5
chin up 5,5,2,2
dip 6,6,6,3

2023/12/20
deadlift 5*90,102.5,115 4*5*90
press 5*32.5,37.5,42.5 5*5*42.5
dip 6,6,6,6,6
chin up 5,5,4,2,2

2024/01/03
low bar squat 5*85,97.5,110 3*5*85
bench press 5*52.5,60,67.5 5*5*60
dip 3*6
chin up 5,5,4

2024/01/06
deadlift 5*102.5,117.5,132.5 3*5*102.5
press 5*37.5,42.5,47.5 5,5,5,4,3*42.5
chin up 5,4,4,3
dip 7,7,7,6

2024/01/09
low bar squat 5*75,87.5,100 paused low bar squat 5*5*75
bench press 5*47.5,52.5,57.5 close grip bench press 5*5*52.5
chin up 5,5,5,4,4
dip 7,7,7,7,7

2024/01/11
deadlift 5*90,102.5,115 3*5*90
press 5*32.5,37.5,42.5 5*5*37.5
chin up 6,5,4
dip 8,8,7

2024/01/15
low bar squat 5*87.5,100,110 paused low bar squat 5*5*87.5
bench press 5*52.5,57.5,65 close grip bench press 5*5*57.5
chin up 6,6,4

2024/02/18
deadlift 5*102.5,115,130
press 5*37.5,42.5,47.5

2024/01/22
low bar squat 5*85,97.5,110 5*5*85
bench press 5*52.5,57.5,65 close grip bench press 5*5*57.5
chin up 6,6,4
dip 8,8,8

2024/01/24
deadlift 5*102.5,117.5,132.5 3*5*102.5
press 5*37.5,42.5,47.5 4*5,4*42.5
chin up 7,5,3
dip 8,8,6

2024/01/29
low bar squat 5*80,90,102.5 paused low bar squat 5*5*80
bench press 5*47.5,55,62.5 close grip bench press 5*5*55
chin up 8,5,4
dip 10,10,10

2024/01/31
deadlift 5*95,110,125 3*5*95
press 5*35,40,45 5*5*40
chin up 5,5,5,4,4
dip 7,7,7,7,7

2024/02/04
low bar squat 5*90,102.5,115 3*5*90
bench press 5*55,62.5,70 close grip bench press 3*5*62.5

2024/02/07
deadlift 5*110,125,140 3*5*110
press 5*40,45,50 4*5*45 4*45
chin up 5,3,3,2,1*5
dip 8,8,8,8,8

2024/02/11
low bar squat 5*87.5,100,112.5 5*5*87.5
bench press 5*52.5,60,67.5 close grip bench press 5*5*60
chin up 6,4,4
dip 8,8,5

2023/02/26
low bar squat 5*87.5,100 2,1,1,1*112.5
bench press 5*52.5,60,67.5 5*5*60
chin up 7

2024/02/29
deadlift 5*105,120,135 3*5*105
press 5*40,45,50 5,4,2*45
chin up 5,5,4
dip 8,8,8

2024/03/04
low bar squat 5*82.5,95,107.5 4*5*82.5
bench press 5*50,57.5,65 close grip bench press 5*5*57.5
chin up 5,4
dip 8,4

2024/03/06
deadlift 5*100,112.5,127.5 3*5*100
press 5*37.5,42.5,47.5 5,4,4,3,4,4,2*42.5
chin up 5,5,5,5

2024/03/09
powerclean 3*40,50,60 5*3*55
chin up 5,5,5
dip 8,8,8
biceps curl 8*20+2

2023/03/11
low bar squat 5*5*100
bench press 3*5*70
chin up 6,5,5
dip 8,8,8

2024/03/13
deadlift 5*145
press 3*5*50
chin up 7,5,4
dip 8,8,8

2024/03/19
low bar squat 5*115
bench press 3*5*72.5
chin up 7,5,5
dip 8,8

2024/03/23
powerclean 5*3*57.5
press 5,5,4*52.5
chin up 8,5,3
dip 8,8

2024/03/26
press 5*5*20
low bar squat 5*5*102.5
bench press 3*5*75
face pulls 2*10*10
plate raise 2*10*5

2024/03/29
deadlift 5*150
press 4,3,3,3,2*55
chin up 9,3,3
dip 3*10

2024/04/01
low bar squat 5*117.5
bench press 3*5*77.5
powerclean 5*3*60
chin up 5,5,5,5
dip 8,8,8,8

2024/04/05
deadlift 5*155
press 3*3*56
chin up 6,6,6,3
dip 4*6

2024/04/07
low bar squat 5*5*105
bench press 3*5*80
powerclean 5*3*62.5
chin up 6,5,5
dip 3*8

2024/04/11
deadlift 3,1*160
press 3*3*57.5
chin up 6,6,4
dip 9,9,9

2024/04/13
low bar squat 5*120
bench press 5,5,4*81
romanian deadlift 2*4*110
chin up 6,6,5

2024/04/22
low bar squat 4*5*107.5
bench press 3*3*82.5
hang clean 2*3*40 3*45 4*3*50
chin up 8,5,5

2024/04/25
low bar squat 5*122.5
press 2,2,1*58.5
deadlift 5*160
chin up 3*5

2024/04/28
low bar squat 4*5*107.5
bench press 3*3*83.5
hang clean 3*30,40,45,50 4*3*52.5
biceps curl 2*12*20

2024/05/02
low bar squat 5*125
press 2,1,1*58.5
deadlift 5*162.5
dip 3*12

2024/05/05
low bar squat 4*5*110
bench press 3*3*85
powerclean 5*3*65
chin up 6,6,4

2024/05/10
low bar squat 5*127.5
press 8*45 11*40
romanian deadlift 3*5*110
chin up 8,4,3
dip 10,8,5

2024/05/13
low bar squat 4*5*110
bench press 3,2,2*86
powerclean 3*40,50 2*55,60 3,3,2*67.5
chin up 5,5,4*5

2024/05/16
low bar squat 5*130
press 8*46 10*41
deadlift 5*165
chin up 7
dip 10,10,7

2024/05/20
low bar squat 4*5*112.5
bench press 3*3*86
powerclean 5*40,50,60 2*67.5,60
chin up 3*5

2024/05/23
low bar squat 5*132.5
press 8*47.5 10*41
deadlift 5*167.5

2024/05/27
low bar squat 4*5*112.5
bench press 2,2,1*87.5
pendlay row 3*8*80
dip 10,8,8
chin up 7,4

2024/05/30
low bar squat 5*135
press 7*48.5 9*42.5
deadlift 2*170
chin up 3*5*7.5

2024/06/02
low bar squat 4*5*115
bench press 8*72.5 14*62.5
pendlay row 2*10*80
romanian deadlift 2*8*110
dip 10,10,9

2024/06/06
low bar squat 5*137.5
press 7*50 7*48.5
deadlift 5*170
chin up 5,4,3*10

2024/06/10
low bar squat 4*5*115
bench press 8*73.5 10*63.5

2024/06/13
low bar squat 5*140
press 7*51 9*45
deadlift 1*172.5 5,3*150
dip 3*10

2024/06/20
low bar squat 4*5*117.5
bench press 8*75 13*65
pendlay row 2*8*80
romanian deadlift 2*8*115
chin up 2,3,2*10

2024/06/24
low bar squat 5*142.5
press 7*52.5 10*45
deadlift 2*172.5
dip 8,8,6*10
chin up 7

2024/07/01
low bar squat 4*5*117.5
bench press 8*76 13*66
pendlay row 2*8*80
romanian deadlift 2*8*120

2024/07/04
low bar squat 5*145
press 7*53.5 7*45

2024/07/06
deadlift 4*172.5
dip 3*8*10
chin up 6,4,4

2024/07/08
low bar squat 4*5*120
bench press 8*77.5 13*67.5
kroc row 2*15*34
chin up 5,2

2024/07/10
low bar squat 2*3*147.5
press 4*55 8*47.5
deadlift 1*150

2024/07/15
low bar squat 4*5*120
bench press 7*78.5 11*68.5

2024/07/16
chin up 4*5 3 2
dip 2*5*15 5,3*10 7
biceps curl 10*25+3,3,1
plate raise 2*8*15

2024/07/18
low bar squat 2*150
press 4*55 7*47.5
deadlift 5*160

2024/07/22
low bar squat 4*5*122.5
bench press 6*80 11*70
chin up 7,5,4

2024/07/25
low bar squat 2*150
press 4*56 8*47.5

2024/07/30
low bar squat 3*8*115
bench press 6*81 8*71

2024/08/02
low bar squat 2*5*100
press 3*57.5 8*47.5
deadlift 8*130 10*110
dip 10,6,3

2024/08/05
low bar squat 3*5*130
bench press 6*82.5 9*72.5
chin up 8,2,2

2024/08/08
low bar squat 5*5*100
press 5*53.5 9*45
deadlift 5*150 10*110
dip 10,7,3

2024/08/11
low bar squat 3*2*145
bench press 6*83.5 10*73.5
chin up 7,3,2
biceps curl 13,5,2*25
ab wheel knees 5

2024/08/14
low bar squat 5*5*100
press 5*55 10*45
deadlift 2*170 10*110
dip 12,8,3

2024/08/19
low bar squat 3*8*117.5
bench press 5*85 9*75
chin up 7,3,2
biceps curl 13,5,2*25

2024/08/26
low bar squat 5*5*102.5
press 4*56 10*46
deadlift 8*130 10*112.5
dip 14,5,3

2024/08/29
low bar squat 3*5*132.5
bench press 5*86 8*76
chin up 8,2,2
biceps curl 8,3,2*30

2024/09/02
low bar squat 5*5*102.5
press 4*57.5 9*47.5
deadlift 5*152.5 10*112.5
dip 15,7,3

2024/09/05
low bar squat 1,2,1,1*147.5
bench press 4*87.5 7*77.5
chin up 7,3,2
biceps curl 10,2,2*30

2024/09/07
low bar squat 10*2*102.5
press 4*58.5 9*48.5
deadlift 2*172.5 10*115
dip 13,7,3

2024/09/12
low bar squat 3*8*120
bench press 3*88.5 6*78.5

2024/09/16
low bar squat 10*2*110
press 3*60 7*50
deadlift 8*135 10*115
dip 16,7,3
biceps curl 12,5,3*30

2024/09/19
low bar squat 3*5*135
bench press 8*77.5 13*67.5
chin up 5,2,2

2024/09/23
low bar squat 10*2*117.5
press 8*48.5 11*42.5
deadlift 5*155 10*115

2024/11/11
low bar squat 8*100
bench press 8*70 10*60
chin up 5,3,2,2,1,1,1
dip 5,3,2
glute ham developer 6,2,4
biceps curl 18,9,6

2024/11/25
low bar squat 8*105
press 7*50 7*45
deadlift 5*140
glute ham developer 3,3,3,3,3
dip 8,6,2
biceps curl 14,7,2

2024/11/28
low bar squat 8*110 10*90
bench press 8*72.5 12*62.5
chin up 5,3,2,1,1,1,1,1,1
biceps curl 10,4,2*30
chest supported row 15,7,7*50

2024/12/06
low bar squat 8*115 10*95
press 6*52.5 8*45
deadlift 5*150
glute ham developer 3*8
dip 10,6,4
biceps curl 10,3,2*32.5

2024/12/10
low bar squat 12*2*100
bench press 7*75 11*65
pull up 4,2,1,1,1
biceps curl 6,3,1*35

2024/12/12
low bar squat 8*120 10*100
press 4*53.5 8*45
deadlift 4*155

2024/12/16
low bar squat 10*2*107.5
deadlift 10*1*110
bench press 3*77.5 6*67.5

2024/12/19
low bar squat 8*120 8*125
press 2*55 7*45
deadlift 3*155
dip 12,7,4
glute ham developer 3*10
biceps curl 7,4,2*35

2024/12/23
low bar squat 10*2*115
deadlift 10*1*120
bench press 7*75 11*65
pull up 5,2,1

2024/12/26
low bar squat 8*130 10*110
press 7*50 8*45
pendlay row 3*10*60
floor laying triceps extension 10,6,4*30
biceps curl 8,3,3*35

2025/01/05
low bar squat 12*2*100
deadlift 8*1*130
bench press 7*77.5 12*67.5
pull up 5,3,2
dumbbell laying triceps extension 14,6,3*10
bench row 9,4,4*50
biceps curl 7,1,0*35

2025/01/07
low bar squat 8*132.5 10*112.5
press 7*51 8*45
reverse hyperext 3*10
dip 13,6,3

2025/01/13
low bar squat 10*2*107.5
deadlift 6*2*110
bench press 7*80 10*70
pull up 6,2,2

2025/01/16
low bar squat 8*135 10*115
press 6*52.5 8*45
deadlift 5*155
dip 14,5,3

2025/01/20
low bar squat 8*2*115
deadlift 10*1*120
bench press 6*82.5 10*72.5

2025/01/23
low bar squat 8*137.5 10*117.5
press 5*54.75 7*47.5
deadlift 5*160
dip 10,6,3*5
dumbbell floor laying triceps extension 7,5,4*12
chin up 5,3,2

2025/01/26
low bar squat 12*2*105
deadlift 8*1*130
bench press 4*85 8*75
chest supported row 12,10,5*60
reverse hyperext 2*10*20 2*10*30
biceps curl 6,2,1*35

2025/01/29
low bar squat 6*140 10*120
press 3*56 8*47.5
deadlift 5*165

2025/02/03
low bar squat 10*2*117.5
deadlift 6*2*115
bench press 3*87.5 8*77.5
chin up 7,3,2
dip 8,4,2*10

2025/02/06
low bar squat 6*142.5 10*122.5
press 7*51 12*41
deadlift 1*167.5

2025/02/10
low bar squat 8*2*125
deadlift 10*1*125
bench press 8,8,7*75
pull up 5,3,2
dip 7,3,3*12.5

2025/02/13
low bar squat 6*145 8*125
press 8,8,7*47.5
deadlift 2*167.5

2025/02/13
low bar squat 12*2*107.5
deadlift 8*1*135
bench press 3*5*82.5
chin up 8,2,2
dip 7,2,1*12.5

2025/02/20
low bar squat 5*147.5 8*127.5
press 3*5*52.5
reverse hyperext 10*20,40 3*10*50
vertical jump 5*45,60,75

2025/02/23
ssb low bar squat 10*2*120
semi-sumo deadlift 6*2*117.5
bench press 3*2*87.5
chin up 5,2
biceps curl 3*10*20

2025/02/26
low bar squat 5*150 8*130
press 3*2*57.5
deadlift 5*167.5
dumbbell floor laying triceps extension 10,3,0
biceps curl 8,3,3*35

2025/03/03
ssb low bar squat 8*2*127.5
semi-sumo deadlift 10*1*127.5
bench press 3*8*75
chin up 8,2,2
dip 7,0,*12.5

2025/03/06
low bar squat 4*152.5 7*132.5
press 3*8*47.5

2025/03/08
powerclean 3*40,50
deadlift 1*160
floor laying triceps extension 8,0*12.5
plyo box jump 5*45,60,75,75

2025/03/10
ssb low bar squat 5*5*110
semi-sumo deadlift 5*5*115
bench press 3*5*85
chin up 6,4,2
dip 8,5,3

2025/03/12
low bar squat 3*155 7*135
press 3*5*53.5
floor laying triceps extension 8,4,4*30
hang clean 5*30 3*3*40 5*3*50
biceps curl 9,1,1*35

2025/03/18
ssb low bar squat 5*5*120
semi-sumo deadlift 5*4*120
bench press 3*2*90
pull up 5,4,3
dip 5,12,6,3

2025/03/22
low bar squat 8*140 10*120
press 3*2*58.5
deadlift 3*170
hang clean 5*3*55
floor laying triceps extension 12,6,5*30
biceps curl 10,0,1*35

2025/03/25
ssb low bar squat 8*3*127.5
semi-sumo deadlift 5*3*135
bench press 8,8,7*77.5
chin up 5,3,1

2025/03/27
low bar squat 7*145 10*125
press 8,7,6*48.5
hang clean 3*40,50 2*55 5*3*57.5
dip 10,6,2
biceps curl 6,2,1

2025/03/31
ssb low bar squat 10*2*137.5
semi-sumo deadlift 5*2*145
bench press 3,2,1*87.5
plyo box jump 5*60,75,75

2025/04/04
low bar squat 6*150 6*130
press 3,3,2*55
deadlift 1*160 0*170

2025/04/07
ssb low bar squat 8*2*145
semi-sumo deadlift 10*1*152.5
bench press 2*80

2025/04/10
low bar squat 1*140,150,160
bench press 3*1*92.5
chin up 10*1

2025/04/14
low bar squat 5*5*110
semi-sumo deadlift 5*5*120
bench press 8,8,6*77.5
chin up 8*2 

2025/04/17
low bar squat 3*155 6*135
bench press 3*3*87.5
deadlift 5*170
chin up 7*3

2025/04/21
low bar squat 5*5*120
semi-sumo deadlift 5*4*130
bench press 12*3*60
chin up 6*3 4*2

2025/04/24
low bar squat 3*8*130
bench press 3*2*92.5
chin up 6,3,2

2025/04/28
low bar squat 7*3*127.5
bench press 12*3*65

2025/05/01
romanian deadlift 2*20*20
good morning 3*20*20 3*10*40
low bar squat 5*5*20 3*5*40
reverse hyperext 20*10 3*10*20
bench press 10*3*65
chin up 9*3 1

2025/05/05
romanian deadlift 5*10*20
good morning 5*10*20 3*10*40
deadlift 3*5*60 2*5*80 5*100
bench press 3*8*77.5
chin up 10*3

2025/05/08
bench press 8*3*70
chin up 8*4
reverse hyperext 3*10*10

2025/05/12
low bar squat 3*5*110
bench press 3*5*87.5
chin up 8,3,2

2025/05/15
low bar squat 5*5*110
semi-sumo deadlift 3*5*120
bench press 12*3*62.5

2015/05/30
low bar squat 4*5*110
semi-sumo deadlift 5*2*120
bench press 12*3*62.5
chin up 8*3

2025/06/02
bench press 1,0*95
low bar squat 5*120 4*130
press 3*55

2025/06/12
chin up 5,5,5,4,3
dip 10,8,6,4,0

2025/06/23
low bar squat 8*110 10*100
bench press 8*75 10*70
chin up 6,3,2

2025/06/26
deadlift 8*130
press 8*45 10*40
dip 8,6,3

2025/06/30
low bar squat 8*120 8*110
bench press 8*77.5 10*72.5

2025/07/13
low bar squat 8*120
bench press 6*80
deadlift 8*140

2025/07/15
low bar squat 7*130 10*110
press 8*47.5 9*42.5
chin up 5,3,2

2025/07/18
deadlift 8*150
bench press 6*82.5 10*72.5
chin up 6,2,2
dip 8,3,2
biceps curl 9,4,2*30

2025/07/21
low bar squat 7*135 10*115
press 8*50 6*45
bench row 8,5,4*60
floor press 10,4,2*60

2025/07/27
deadlift 8*155
bench press 5*85 10*75
chin up 7,2,2
dip 10,3,2
biceps curl 12,5,2*30

2025/08/04
front low bar squat 2*60,80 1*90,100,110 0*120
romanian deadlift 1*5*120 2*5*130
floor press 3*60 2*80 1*85 0*90
belt squat 5*80 3*5*100
chin up 10*2

2025/08/07
low bar squat 8*2*100
deadlift 6*2*120
hack squat 10*40,60,80,90
bench row 10,5,3*60
biceps curl 6,3,1*35

2025/08/09
bench press 8*3*60
press 5*5*50
chin up 9*3
chest flys red 3*25

2025/08/11
paused low bar squat 3*3*130
sumo deadlift 5*60 3*100 2*140 1*160,175,180,185
press 3*30 2*40 1*50,60,62.5 0*65
close grip bench press 8,7,5*70
box jump 3*10*10

2025/08/14
low bar squat 10*2*107.5
deadlift 10*1*130
hack squat 10*100
bench row 8,4,3*65
laying triceps extension 15,10,4*30

2025/08/17
bench press 10*3*65
press 5*5*51
iso lateral row 13,9,5*80
chest flys green 20,12,6
facepull 12,9*25

2025/08/18
paused low bar squat 3*60 2*80,100 1*120,130,140,145,150,155
one quarter deficit deadlift 3*5*135
incline bench press 3*40,50 1*55,60,65,67.5 0*70

2025/08/25
low bar squat 8*2*115
deadlift 8*1*140
belt squat 4*5*110
chin up 8,3,2
floor laying triceps extension 8,4,3*40

2025/08/28
bench press 10*3*70
press 5,4,3,3,3*52.5
bench row 6,4,2*70
close grip bench press 8,6,4*70
chest flys orange 12,3
chest flys green 5
biceps curl 5,1*35

2025/08/31
front low bar squat 4*4*60
one quarter deficit deadlift 5*60 3*100 2*140 1*150,160,170,180
wide grip bench press 5*20 3*40 3*60 1*70,80,85,90,95 0*100
leg curl 14,10,8*7
leg extension 3*20*30
box jump sixty cm 3*10*+13.6

2025/09/02
low bar squat 12*2*100
deadlift 8*2*120
belt squat 3*10*100
chin up 8,2,2
floor laying triceps extension 10,4,2*40

2025/09/04
bench press 12*3*60
press 5,5,5,4,3*52.5
bench row 7,4,3*70
close grip bench press 8,7,6*70
chest flys green 19,10,8

2025/09/07
low bar squat 2*3*60 2*80 2*80 2*100 2*120 1*140,150,155,157.5 2*3*125
ssb good morning 3*8*80
paused bench press 3*40,60 2*70 1*80,85,90 0*95
box jump sixty cm 3*10*+18.1

2025/09/09
low bar squat 10*2*107.5
deadlift 10*1*130
goblet squat 2*10*16 3*10*20
pull up 4,3,2
kettlebell swings 4*25*24

2025/09/11
bench press 10*2*65
press 5,4,2,2,2*53.5
iso lateral row 10,6,4*90
jm press 10*20 3*6*30

2025/09/16
press 3*20,30 2*40 1*50,55,60,62.5 0*65 0*63.5
deadlift 5*60 3*100 2*140 1*160,170,175,180 0*187
paused low bar squat 3*5*100

2025/09/18
low bar squat 8*2*115
deadlift 8*1*140
goblet squat 5*10*20
pull up 5,4,3
dumbbell romanian deadlift 4*12*50

2025/09/20
bench press 8*3*70
press 5,4,3,3,3*53.5
lateral row 10,5,3*95
dip 9,5,3
triceps pushdown red 3*20
chest flys green 20,15,7

2025/09/22
low bar squat 5*20,60 3*100 2*120,140 1*150,155,162.5 3*3*127.5
close grip bench press 5*20 3*40,50,60 2*70 1*80,85,90 2*0*95 3*3*72.5
romanian deadlift 3*5*130

2025/09/25
low bar squat 5*5*105
sumo deadlift 10*1*130
goblet squat 5*10*25

2025/09/28
bench press 5*5*65
press 4,3,3,3,3*55
lateral row 12,6,4100
dip 8,4,2+5
triceps pushdown red 4*25
chest flys green 25,15,15

2025/09/30
two inch block pulls 5*60 3*100 2*140 1*160,170,175,180,185,190,195
ssb good morning 3*8*85
bench press 5*20,40 3*60 2*70 1*75,80,85,90,95,97.5 3*3*77.5
box low bar squat 3*5*110

2025/10/02
box low bar squat 5*5*112.5
sumo deadlift 10*1*130
goblet squat 5*10*28
pull up 6,2,1
dumbbell romanian deadlift 4*12*60

2025/10/06
bench press 5*5*70
incline bench press 3*5*50
iso lateral row 12,5,4*110
dip 9,4,3*5
press 9,3,2*40
triceps pushdown red 30,30,30
chest flys green 20,10,10

2025/10/09
box low bar squat 5*20 3*60,80,100 2*120 140,150,155,157.5
floor press 5*20,40 3*50,60 2*70 1*75,80,85,87.5,90 3*3*72.5
romanian deadlift 3*5*135

2025/10/12
box low bar squat 4*5*120
sumo deadlift 7*1*140
goblet squat 3*8*30
pull up  4,3,3
wall sits 5*45

2025/10/13
bench press 5*5*75
incline bench press 3*5*52.5
iso lateral row 10,5,3*115
press 11,4,3*40

2025/10/16
sumo deadlift 5*60 3*100 1*120,140,150,155,160,170,180,190
ssb box low bar squat 3*5*110
press 5*20 3*30 2*40 1*45,50,55,60,63.5,65 0*66

2025/11/04
low bar squat 7*2*110
sumo deadlift 12*1*115
goblet squat 3*8*30
pull up 6,3,3
wall sits single 5*45

2025/11/08
bench press 5*5*65
incline bench press 3*8*45
powerclean 5*3*60
iso lateral row 8,4,3*120
press 8,2,2*42.5
triceps pushdown orange 3*10
chest flys green 3*20

2025/11/16
single leg romanian deadlift 3*10*12

2025/11/17
sumo deadlift 5*60,100 3*140 1*150,160,170,180,185
floor press 5*20,40 3*50,60 2*70 1*80,85,90 0*92.5
low bar squat 2*5*110

2025/11/21
low bar squat 10*2*120
sumo deadlift 10*1*125
leg extension 10*20 15,8,6*40
leg curl 6,5,3*9
chin up 6,3,3

2025/11/26
bench press 5*5*70
incline bench press 8,6,5*46
iso lateral row 8,4,3*130
press 6,2,2*43.5

2025/11/30
close grip bench press 5*20 3*40,50,60 2*70 1*80,85,90,92.5 3*3*75
box low bar squat 5*20 3*40,60,100 2*120 1*140,150
romanian deadlift 5,5,4*135

2025/12/02
box low bar squat 8*2*130
sumo deadlift 8*1*140
leg extension 15,10,6*45
leg curl 7,3,2*10

2025/12/07
bench press 3*5,3,4*75
incline bench press 8,5,7*46
iso lateral row 8,2,2*135
press 7,2,1*45
dip 7,1,0

2025/12/11
bench press 5*20,40 3*60 2*70 1*75,80,85,90,92.5,95 3*3*77.5
deadlift 5*60 3*100 2*140 1*160,170,180,185

2025/12/14
low bar squat 12*2*112.5
sumo deadlift 6*2*117.5
leg extension 15,8,5*50
kneeling leg curl 7,5,3*40
chin up 6,2,2*2.5
biceps curl 8,5,2*30

2025/12/16
bench press 12*3*65
incline bench press 2*8,10*46
iso lateral row 9,3,2*135
press 8,3,2*45
dip 9,4,2
hang clean 5*3*30 3*40,50

2025/12/18
wide grip bench press 5*20 3*40 3*60 1*70,80,85,90,95,97.5 0*100 3*3*82.5
box low bar squat 5*20,60 3*80 2*100 1*120,140,150,155,160
romanian deadlift 3*5*140

2025/12/21
low bar squat 10*2*122.5
sumo deadlift 10*1*127.5
chin up 7,3,3
glute bridge 4*10*40
leg extension 13,7,5*55
kneeling leg curl *45
biceps curl 8,5,3*32.5

2025/12/27
bench press 10*3*70
incline bench press 3*8*47.5
iso lateral row 10,3,2*135
press 9,4,2*45
dips 10,5,2

2026/01/05
press 5*20 3*30 2*40 1*50,55,60,62.5,65 0*66 3*3*55
2 inch block pulls 5*60 3*100 2*140 1*160,170,180,190 0*195
box low bar squat 3*3*135

2026/01/08
low bar squat 8*2*132.5
sumo deadlift 8*1*137.5
chin up  7,4,2
glute bridge 4*10*50
kneeling leg curl 3*10*50
leg extension 13,8,4*60
biceps curl 8,4,1*35

2026/01/10
bench press 8*3*75
incline bench press 3*8*48.5
isolateral row 6,3,2*140
press 8,2,2*46
dips 8,4,3*5kg

2026/01/12
front sq 2*60,80 1*90,100,105 
strapped front squat 2*60 1*80,90,100 6*1*80
bench press 5*40 3*60 2*70 1*80,85,90,95,98.5 3*3*77.5
romanian deadlift 3*5*140

2026/01/16
low bar squat 8*3*112.5
sumo deadlift 8*2*120
pull up 7,2,2
leg extension 13,6,4*65
kneeling leg curl 6,4,3*55
biceps curl 9,4,2*35
