2012/09/08
squat 3*5*50
bench press 3*5*45
deadlift 1*5*70

2012/09/11
squat 3*5*55
press 3*5*17.5

2012/09/15
squat 3*5*60
bench press 3*5*50
deadlift 1*5*80

2012/09/17
squat 3*5*65
press 3*5*30
pull up 3,5
inverted rows 3*5
crl 2*5*20

2012/09/19
squat 3*5*70
bench press 3*5*55
deadlift 1*5*90

2012/09/21
squat 3*5*75
press 3*5*32.5
pull up 2
inverted rows 3*5

2012/09/24
squat 3*5*80
bench press 3*5*60
deadlift 1*5*100

2012/09/26
squat 3*5*85
press 3*5*35
pull up 4
inverted rows 3*5

2012/09/29
squat 3*5*87.5

2012/10/03
squat 3*5*90
bench press 3*65 4*62.5 3*60
deadlift 1*5*105

2012/10/08
squat 3*5*90
press 5,4,3*37.5
pull up 4
inverse rows 3*5
biceps curl 3*5*22.5

2012/10/10
squat 3*5*92.5
bench press 4,3,2*62.5
deadlift 1*5*110

2012/10/15
squat 3*5*95
press 3*5*37.5

2012/10/18
squat 3*5*97.5
bench press 3*5*62.5
deadlift 1*5*115

2012/10/23
squat 5*77.5 5*82.5 8*87.5
bench press 5*50 5*52.5 8*55
deadlift 5*10*60
press 10,10,8,5,6*20

2012/10/26
deadlift 5*90 5*95 8*102.5
press 5*30 5*32.5 6*35
squat 5*10*50
bench press 5*10*32.5

2012/10/28
goblet squat 3*5*22.5
back extension 3*10
pull up 6
curl 3*10*20
rows 3*5

2012/10/30
squat 3*82.5 3*87.5 9*92.5
bench press 3*87.5 3*55 9*57.5
deadlift 5*10*60
press 5*10*20

2012/11/04
deadlift 3*95 3*102.5 3*107.5
press 3*32.5 3*35 5*35
goblet squat 3*5*20

2012/11/06
squat 5*77.5 3*87.5 3*97.5
bench press 5*50 3*55 3*62.5

2012/11/11
deadlift 5*90 3*102.5 3*115
press 5*30 3*35 5*37.5

2012/11/13
squat 5*62.5 5*57.5 5*72.5
bench press 5*40 5*42.5 5*45

2012/11/15
deadlift 5*72.5 5*77.5 5*85
press 5*25 5*25 5*27.5
squat 3*10*50
bench press 3*10*32.5

2012/11/17
chin up 1*3 8*1
goblet squat 4*10
back extension 4*10
bench dips 3*7
inverted rows 5,4,4
chest supported rows 3*10*30
lat pulldown 3*20*30

2012/11/20
squat 5*80 5*85 8*92.5
bench press 5*50 5*55 10*57.5
deadlift 5*10*62.5
press 5*10*20

2012/11/22
deadlift 5*95 5*100 8*107.5
press 5*32.5 5*35 9*35
squat 5*10*50
bench press 5*10*32.5

2012/11/27
squat 3*85 3*92.5 5*97.5
bench press 3*55 3*57.5 8*60

2012/11/29
deadlift 3*95 3*100 8*112.5
press 3*35 3*35 8*37.5
squat 5*10*57.5
bench press 5*10*32.5

2012/12/04
squat 5*85 3*97.5 4*102.5
bench press 5*50 3*57.5 6*65
press 5*10*20

2012/11/29
deadlift 5*95 3*107.5 4*120
press 5*32.5 3*35 6*40
squat 5*10*57.5
bench press 5*10*32.5

2012/12/05
squat 5*67.5 5*72.5 5*80
bench press 5*42.5 5*45 5*50
press 3*10*20

2012/12/17
deadlift 5*77.5 5*85.0 5*90.0
press 5*27.5 5*30.0 5*32.5
squat 3*10*57.5
bench press 3*10*32.5

2012/12/20
squat 5*85 5*90 8*95
bench press 5*50 5*52.5 8*60
press 10,10,8,5,5*22.5

2012/12/22
deadlift 5*97.5 5*105.0 8*110.0
press 5*35 5*35 8*37.5

2012/12/27
squat 3*90 3*95 3*102.5
bench press 3*55 3*60 6*62.5
press 5*10*22.5

2013/01/11
squat 5*85 5*90 5*95
bench press 5*50 5*52.5 5*60
press 10,10,10,8,5*22.5

2013/01/14
deadlift 5*97.5 5*105.0 5*110.0
press 5*35 5*35 7*37.5

2013/01/19
squat 3*90 3*95 3*102.5
bench press 3*55 3*60 5*62.5

2013/01/22
deadlift 3*105 3*110 3*117.5
press 3*35 3*37.5 7*40
bench press 3*10*32.5

2013/01/25
squat 5*95 3*95 3*107.5
bench press 5*52.5 3*60 5*67.5
press 3*10*22.5

2013/01/29
deadlift 5*97.5 3*110 3*122.5
press 5*35 3*37.5 4*42.5
squat 5*10*52.5
bench press 5*10*35

2013/03/07
squat 5*50,70,80,90 2*3*95
bench press 5*20,30,40,50,60,62.5 4,2*65
romanian deadlift 3*10*40

2013/03/15
deadlift 5*50,70,80,90,100 4*110
press 5*20,30,35,37.5 4,2*40

2013/03/17
squat 5*40,40,60,70,80,95
bench press 5*30,40,50,60 3*65

2013/03/20
deadlift 5*50,70,90,100,110,115 4*120
press 5*30,35 4,3*40

2013/03/22
squat 5*40,60,80,90,95,100
bench press 5*30,40,50,60,65 3*65
romanian deadlift 10*40,45,45

2013/04/01
deadlift 5*40,60,80,100,120,130
press 5*20,30,40,45
bench press 5*10*40

2013/08/17
squat 5*40,60 3*80 5*105,110 4*115
bench press 5*30,40 3*50 2*60 5*70,70 2*70
romanian deadlift 10*60,65,65
facepulls 2*10*45
biceps curl 9*25 10*20 6*20

2013/08/21
semi sumo deadlift 5*40,60,80,110,125
press 5*30 2*40 3*5*45

2013/08/23
squat 3*5*90
bench press 3*5*60

2013/08/26
squat 3*5*92.5
press 3*5*35
chin up 4,3,3
facepulls 2*10*35

2013/08/28
squat 2*5*75
bench press 3*5*62.5
deadlift 1*5*100
fp 2*10*35

2013/08/30
squat 3*5*95
press 3*5*37.5
chin up 4,3,3
biceps curl 10*20+3,3,3,3,3,2

2013/09/02
squat 3*5*97.5
bench press 3*5*65
chin up 4,3,1
facepulls 2*10*30

2013/09/03
squat 2*5*77.5
press 3*5*40
deadlift 1*5*110
biceps curl 20

2013/09/04
squat 2*5*77.5
press 3*5*40
deadlift 1*5*110
biceps curl 20*10+3,3,3,3,3,3,0

2013/09/06
squat 3*5*100
bench press 3*5*67.5
facepulls 2*10*25

2013/09/09
squat 3*5*102.5
press 3*5*42.5
chin up 4,3,2

2013/09/11
squat 2*5*80
bench press 3*5*70
semisumo deadlift 1*5*120

2013/09/13
squat 3*5*105
press 3*5*45
chin up 4,3,2
biceps curl 10*22.5+3333330

2013/09/18
squat 3*5*107.5
bench press 4,3,2*72.5
deadlift 1*5*130

2013/09/20
squat 2*5*87.5
press 5,5,4*47.5
chin up 4,3,3
biceps curl 25*8+332

2013/09/22
squat 3*5*110
bench press 4,3,3*72.5
chin up 3,3,2,1,1,1

2013/09/24
squat 2*5*87.5
press 3*5*47.5
deadlift 1*5*140

2013/09/27
squat 3*5*112.5
bench press 5,3,3*72.5
chin up 4,3,2,1,1,1

2013/09/30
squat 3*5*115
press 4,3,3*50
chin up 4,3,3,1

2013/10/02
squat 2*5*90
deadlift 1*5*145

2013/10/04
squat 3*5*117.5

2013/10/07
squat 3*5*120
bench press 3*5*65
chin up 3,3,3,2,2

2013/10/09
press 3,3,2*50
chin up 3,3,3,3
face pulls 2*10*25

2013/10/11
squat 2*5*90
benchpress 3*5*67.5
facepulls 10*25 10*30

2013/10/14
press 4,3,3*50
romanian deadlift 2*10*40
close grip benches 3*10*20 5*30,40,50
pull up 2,2,1

2013/10/16
bench 3*5*70
pull up 2,2,2
facepulls 2*10*30

2013/10/19
press 4,1,3,2*50
pull up 3,2,2
biceps curl 10*20 +333331
facepulls 2*10*30

2013/10/21
benchpress 6*6*57.5
pull up 2,2,2
facepulls 2*10*30

2013/10/23
bench press 7*5*62.5
facepulls 10*30,40

2013/10/25
bench press 8*4*65
chest supported rows 10*30,40,40
facepulls 10*30,40
biceps curl 22,5*10+333333333332

2013/10/26
bench press 10*3*70
semi-sumo deadlift 5*40,60,80,100,110
facepulls 10*35,40

2013/10/29
bench press 6*6*60
pull up 3,2,2
facepulls 10*35,45
goblet squat 5*16,24,32,32,32
biceps curl 25*10+32

2013/10/31
bench press 7*5*65
rows 10*30,40,50,50
facepulls 10*35,45
high bar squat 5*20,20,40,40,60

2013/11/02
bench press 8*4*67.5
high bar 5*40,60,70,80
facepulls 10*40,45
biceps curl 10*25+33332

2013/11/03
bench press 10*3*70
facepulls 10*40,50
rows 10*30,50,50,50
presses 5*5*20

2013/11/05
bench press 6*6*62.5
facepulls 5*45,50
semi-sumo deadlift 5*70 3*100 5*120
biceps curl 10*27.5+3,2

2013/11/07
bench press 7*5*65
facepulls 10*45,55

2013/11/09
bench press 8*4*70
facepulls 10*50,55

2013/11/11
bench press 10*3*75
fp 10*50,60

2013/11/12
semi-sumo deadlift 5*130
pull up 3,1,1,1
biceps curl 8*27.5+2

2013/11/15
high bar 5,2*90

2013/11/18
bench press 3*80

2013/11/21
squat (hb) 3*5*85
bench press 3*5*70

2013/11/22
squat 3*5*90
press 3*5*45
biceps curl 27,5*10+332

2013/11/26
squat 3*5*95
bench press 3*5*72.5
deadlift 1*3*140
biceps curl 27,5*10+332

2013/11/28
squat 3*5*100
press 5,5,4*47.5

2013/11/30
squat 3*5*105
bench press 3*5*75
chest supported rows 3*5*60
biceps curl 27,5*10+3332

2013/12/03
high bar 4,3,2*107.5
press 3,2,2*50
chin up 3,3,3,3
face pulls 2*10*50

2013/12/05
squat 2*5*85
bench press 3,4,3*77.5
deadlift 3*140
biceps curl 27,5*10+33332

2013/12/07
squat 3*5*107.5
press 5,3,2*50
chin up 3,3,3

2013/12/13
hb squat 5,4,3*110
bench 5,4,3*77.5
biceps curl 8*30+31

2013/12/18
semi-semo deadlift 5*40,60,80,100 3*120,130 4*140
press 5,4,3*50
biceps curl 30*10+31

2014/01/03
squat 5*40,60,65,70,75,80,85,90
press 5*20,30,35,40,42.5 3*45
biceps curl 10*25+3332

2014/01/17
semi-sumo deadlift 5*60,70,80,90,100,110,120
bench 5*40,45,50,55,60,65,70
biceps curl 10*23+332
facepulls 2*8*30
rows 10*35,45,55

2014/01/18
high bar 5*40,60,65,70,75,80,85,90,95
press 5*30,35,37.5,40 2*42.5

2014/01/20
semi-sumo deadlift 5*60,70,80,90,100,110,120,125,130
bench 5*40,45,50,55,60,65,70,75
chin up 3,2,2,2,1

2014/01/22
squat 5*65,70,75,80,85,90,95,100
press 5*30,32.5,35,37.5,40,42.5 4*45

2014/01/24
deadlift 5*60,80,90,100,110,120,130,135
bench press 5*40,45,50,55,60,65 4*70
biceps curl 10*23+331

2014/01/27
squat 5*40,50,60,70,80,90,100,105
press 5*30,32.5,35,37.5,40,42.5,45 3*47.5
kroc rows 2*10*22

2014/01/30
deadlift 5*60,80,90,100,110,120,130 1*140
bench press 5*40,45,50,55,60,65,70,75
biceps curl 10*26+3,1

2014/01/31
squat 5*60,70,80,90,95
press 5*30,35,40,42-5 3*45

2014/02/05
squat 5*60,70,80,90,100,110
benchpress 5*30,40,50,55,60,65 4*70

2014/02/06
deadlift 5*60,80,90,100,110,120,130,140
press 4,3,4*45
biceps curl 10*28.5+2

2014/02/08
squat 5*60,70,80,90,100,112.5
bench press 7,5,6*70

2014/02/12
squat 5*60,70,80,90,100 3*110
bench press 7,4,4,4,4*72.5

2014/02/14
deadlift 5*60,80,90,100,110,120,130,145
press 7,5,5,3,4*45

2014/02/15
squat 5*60,70,80,90,100 4*110
bench press 6,3,3,3,2*75

2014/02/19
squat 5*60,80,90,100
press 5,4,4,3,3*47.5

2014/02/21
bench press 4,5,3,2,2*77.5

2014/02/22
lowbar squat 5*60,80,90,100,110
press 50*4,2,3,22

2014/02/25
squat 5*60,70,80
bench press 4,2,2,2,2*80
chin up 3,3,2,2

2014/02/27
deadlift 5*60,80,90,100,110,120 3*130
press 10,7,6,6,6*40

2014/03/01
lowbar 5*60,80,90,100,110
benchpress 10,8,7,6,4*65

2014/03/03
lowbar squat 5*60,80,90,100,110,115
press 8,6,4,4,4*42.5
facepulls 10*20,30,30

2014/03/06
sumodeadlift 5*60,80,90,100,110,120,130,140,150
bench press 8,7,6,4,4*67.5

2014/03/08
squat 5*60,80,90,100,110
press 7,6,5,4,4*45

2014/03/11
squat 5*60,70,80,90,100,110,120
bench 8,6,5,5,4*70
facepulls 2*10*30
chest-supported-rows 3*8*50

2014/03/13
deadlift 5*60,80,100,110,120,130,140 2*152.5
press 7,5,4,4,3*47.5
biceps curl 10*23+3331

2014/03/15
squat 5*110
bench 7,5,4,4,3*72.5

2014/03/18
squat 5*60,80,90,100,110 4*122.5
bench 7,5,3*75

2014/03/21
deadlift 5*60,80,90,100,110,120,130 4*140
press 5,5,3,3,3*50

2014/03/23
squat 5*60,80,90,100,110,122.5
bench 5,5,3,32*77.5
facepulls 10*25,30,35
biceps curl 23*10+33331

2014/03/31
squat 5*60,80,90,100 4*110
bench 4,2,2,2,2*80
facepulls 10*30,40,40
biceps curl 10*24,3+3333332
chest supported rowing machine 10*55+33332

2014/04/03
deadlift 5*60,80,100,110,120,130,140 3*112.5
press 4,4,3,3,2*52.5
back extension 10*0,12,12

2014/04/04
squat 5*60,80,90,100,110 3*120
bench 3*80 6,5,4,4*70
biceps curl 10*26.3+3,3,2

2014/04/07
squat 5*60,80,90,100,110,125
bench 4,3,3,2,2*80
pull up 5*1
hang power clean technik
facepulls 10*30,40,50,55

2014/04/10
deadlift 5*60,80,100,110,120,130,140
press 9,6,6,5*42.5

2014/04/12
squat 5*60,80,90,100
bench 10,8,6,6,6*67.5

2014/04/15
bench press 11,8,7,6,5*70
chin up 5*2
facepulls 10*30,40,50
biceps curl 28,3*10+31

2014/04/18
press 8,6,5,4*45
lying tricps extension 3*10*10
deadlift 5*60,80,100

2014/04/21
squat 5*60,80,90 4*3*100
bench press 9,7,5,5,5*72.5
chin up 5*2
biceps curl 28,3*10+31

2014/04/24
squat 5*60,80,90 2*100 4*3*105
bench 7,5,5*75

2014/04/25
deadlift 5*110,120,130
press 6,5,3,3,3*47.5
facepulls 10*30,40,55
lying triceps extension 3*10*15

2014/04/27
squat 4*4*110
bench 6,4,4,4,3*77.5
chin up 3,2,2,2,1
facepulls 3*10*30

2014/04/30
squat 3,3*115 3*110
bench 5,3*80

2014/05/02
deadlifts 5*140
press 4,4,2*50

2014/05/13
squat 5*60,80,90,100,110
bench press 7,6,5*70

2014/05/15
deadlift 5*130
press 7,5,4*45

2014/06/08
deadlift 5*120
bench press 2*5*70

2014/06/22
squat 5*60,70,80,90,100
bench press 5,5,5*70
deadlift 5*120
press 5,4,3*40
chest supported rows 10,10,10*30
facepulls 2*10*25
biceps curl 10,10,6*20

2014/07/17
squat 3*5*80
bench press 3*5*60
deadlift 1*5*100
biceps curl 3*10*20
facepulls 2*10*20
rows 10*30,40

2014/07/21
squat 3*5*85
press 3*5*40
chest supported rows 3*8*50
biceps curl 3*10*22.5

2014/07/23
squat 3*5*90
bench 3*5*65
deadlift 5*110
facepulls 2*8*30
biceps curl 3*10*25

2014/07/28
squat 3*5*95
press 3*5*42.5
chest supported rows 3*10*60
bc 10,10,8*60

2014/07/30
squat 3*5*100
bench presses 3*5*67.5
deadlift 1*5*120

2014/08/01
squat 3*5*102.5
press 3*5*47.5
chest supported rows 3*8*70
biceps curl 10,7,7*27.5

2014/08/05
squat 3*5*105
bench press 3*5*70
deadlift 5*130
biceps curl 10*27,5+3,3,3,3,3,2

2014/08/06
squat 3*5*107.5
press 3*5*47.5
chest supported rows 3*5*75
biceps curl 10*30+3,3,2

2014/08/08
squat 3*5*110
bench 3*5*72.5
deadlift 5*135

2014/08/11
squat 3*5*112.5
press 5,5,3*50
chest supported rows 3*8*75

2014/08/13
bench 3*5*75
deadlift 1*5*140
biceps curl 10*30+3,3,2
facepulls 2*8*30

2014/08/18
squat 3*5*115
press 3*5*50
chin up 3,2,2,2,1
facepulls 2*8*35

2014/08/20
bench 3*5*77.5
deadlift 1*45
biceps curl 10*30+3,3,3,2
facepulls 2*8*40

2014/08/22
squat 3*5*117.5
press 3*5*51
chin up 3,3,2,2

2014/08/25
bench 3,5,4*80
chin up 4,3,3
squat 4*2*110

2014/08/28
deadlift 5*150
press 3*5*52.5
biceps curl 8*32,5+222221

2014/08/31
squat 3*5*120
bench 3*5*80
chin up 4,3,1

2014/09/02
squat 3*5*122.5
press 4,3,3*53.5
pull-up 4,1
facepulls 2*8*40

2014/09/03
bench 3*5*81
deadlift 5*155

2014/09/08
squat 3*5*125
press 4,4,3*53.5

2014/09/10
bench 5,5,4*82.5
deadlift 5*160

2014/09/12
squat 3*5*127.5
press 3*5*53.5

2014/09/16
bench 6*6*67.5
chin up 3,3,3,3
facepulls 3*5*45

2014/09/18
benches 7*5*72.5
facepulls 3*8*35

2014/09/21
bench 10*3*80
facepulls 3*8*55

2014/09/23
bench 6*6*70

2014/10/07
bench press 10*3*85
fp 3*8*60

2014/10/21
squat 5*40,60,80,100
bench press 5*40,50,60,70,75,80

2014/10/23
press 5*30,35,40,45,50,55,50 4*50
chin up 3*5

2016/07/17
squat 3*5*70
bench press 3*5*45
deadlift 5*80
biceps curl 5*8

2016/07/19
squat 3*5*75
press 3*5*35
chest supported rows 3*5*60
biceps curl 3*8*22.5

2016/07/21
squat 3*5*77.5
bench press 3*5*50
deadlift 5*90
biceps curl 4*8*22.5

2016/07/24
squat 5*80
press 3*5*37.5
chin up 5*1

2016/07/26
squat 3*5*80
bench press 3*5*55
deadlift 5*100
biceps curl 3*8*25

2016/07/28
squat 3*5*78.5
press 3*5*36
powerclean 3*3*50
chin up 6*1

2016/07/31
squat 3*5*80
bench press 3*5*60
deadlift 3*5*110
biceps curl 3*8*27.5

2016/08/02
squat 3*5*87.5
press 3*5*42.5
biceps curl 8,8,8*30

2016/08/04
squat 3*5*86
bench press 3*5*62.5
deadlift 5*116
chin up 7*1

2016/08/06
squat 5,5,2*92.5
press 3*5*45
chin up 3,2,1,1,1

2016/08/10
squat 5,5*92.5 5*90
bench press 5,5,5*65
chin up 3,2,2,1,1

2016/08/12
squat 3*5*91
press 3*5*41
deadlift 5*121

2016/09/01
squat 3*5*86
press 3*5*36
deadlift 5*116

2016/09/03
squat 3*5*88.5
bench press 3*5*62.5
power clean 4*3*46
biceps curl 3*8*30

2017/01/04
squat 3*5*81
press 3*5*31
power clean 4*3*36
bc 8,8,5*26
